<html>
<body>
<pre>
<h1>µVision Build Log</h1>
<h2>Project:</h2>
D:\GITHUB\datalogger\MDK-ARM\project.uvproj
Project File Date:  09/01/2015

<h2>Output:</h2>
Build target 'STM32F103C8T6'
compiling system_stm32f10x.c...
linking...
Program Size: Code=820 RO-data=268 RW-data=20 ZI-data=1636  
"..\Output\project.axf" - 0 Error(s), 0 Warning(s).
 enough information to list image symbols.
Finished: 1 information, 0 warning and 1 error messages.
"..\Output\project.axf" - 1 Error(s), 0 Warning(s).
Target not created
age map.
Finished: 2 information, 0 warning and 1 error messages.
"..\Output\project.axf" - 1 Error(s), 1 Warning(s).
Target not created
p.
Finished: 2 information, 0 warning and 1 error messages.
"..\Output\project.axf" - 1 Error(s), 1 Warning(s).
Target not created
ng stm32f10x_rcc.c...
..\CMSIS\CM3\DeviceSupport\ST\STM32F10x\stm32f10x.h(8297): error:  #5: cannot open source input file "stm32f10x_conf.h": No such file or directory
    #include "stm32f10x_conf.h"
..\STM32F10x_StdPeriph_Driver\src\stm32f10x_rcc.c: 0 warnings, 1 error
compiling stm32f10x_usart.c...
..\CMSIS\CM3\DeviceSupport\ST\STM32F10x\stm32f10x.h(8297): error:  #5: cannot open source input file "stm32f10x_conf.h": No such file or directory
    #include "stm32f10x_conf.h"
..\STM32F10x_StdPeriph_Driver\src\stm32f10x_usart.c: 0 warnings, 1 error
compiling stm32f10x_gpio.c...
..\CMSIS\CM3\DeviceSupport\ST\STM32F10x\stm32f10x.h(8297): error:  #5: cannot open source input file "stm32f10x_conf.h": No such file or directory
    #include "stm32f10x_conf.h"
..\STM32F10x_StdPeriph_Driver\src\stm32f10x_gpio.c: 0 warnings, 1 error
"..\Output\project.axf" - 5 Error(s), 1 Warning(s).
Target not created
3-D: function "assert_param" declared implicitly
    assert_param(IS_FUNCTIONAL_STATE(NewState));
..\STM32F10x_StdPeriph_Driver\src\stm32f10x_rcc.c(383): warning:  #223-D: function "assert_param" declared implicitly
    assert_param(IS_RCC_PLL_SOURCE(RCC_PLLSource));
..\STM32F10x_StdPeriph_Driver\src\stm32f10x_rcc.c(404): warning:  #223-D: function "assert_param" declared implicitly
    assert_param(IS_FUNCTIONAL_STATE(NewState));
..\STM32F10x_StdPeriph_Driver\src\stm32f10x_rcc.c(568): warning:  #223-D: function "assert_param" declared implicitly
    assert_param(IS_RCC_SYSCLK_SOURCE(RCC_SYSCLKSource));
..\STM32F10x_StdPeriph_Driver\src\stm32f10x_rcc.c(612): warning:  #223-D: function "assert_param" declared implicitly
    assert_param(IS_RCC_HCLK(RCC_SYSCLK));
..\STM32F10x_StdPeriph_Driver\src\stm32f10x_rcc.c(638): warning:  #223-D: function "assert_param" declared implicitly
    assert_param(IS_RCC_PCLK(RCC_HCLK));
..\STM32F10x_StdPeriph_Driver\src\stm32f10x_rcc.c(664): warning:  #223-D: function "assert_param" declared implicitly
    assert_param(IS_RCC_PCLK(RCC_HCLK));
..\STM32F10x_StdPeriph_Driver\src\stm32f10x_rcc.c(703): warning:  #223-D: function "assert_param" declared implicitly
    assert_param(IS_RCC_IT(RCC_IT));
..\STM32F10x_StdPeriph_Driver\src\stm32f10x_rcc.c(731): warning:  #223-D: function "assert_param" declared implicitly
    assert_param(IS_RCC_USBCLK_SOURCE(RCC_USBCLKSource));
..\STM32F10x_StdPeriph_Driver\src\stm32f10x_rcc.c(770): warning:  #223-D: function "assert_param" declared implicitly
    assert_param(IS_RCC_ADCCLK(RCC_PCLK2));
..\STM32F10x_StdPeriph_Driver\src\stm32f10x_rcc.c(832): warning:  #223-D: function "assert_param" declared implicitly
    assert_param(IS_RCC_LSE(RCC_LSE));
..\STM32F10x_StdPeriph_Driver\src\stm32f10x_rcc.c(865): warning:  #223-D: function "assert_param" declared implicitly
    assert_param(IS_FUNCTIONAL_STATE(NewState));
..\STM32F10x_StdPeriph_Driver\src\stm32f10x_rcc.c(882): warning:  #223-D: function "assert_param" declared implicitly
    assert_param(IS_RCC_RTCCLK_SOURCE(RCC_RTCCLKSource));
..\STM32F10x_StdPeriph_Driver\src\stm32f10x_rcc.c(896): warning:  #223-D: function "assert_param" declared implicitly
    assert_param(IS_FUNCTIONAL_STATE(NewState));
..\STM32F10x_StdPeriph_Driver\src\stm32f10x_rcc.c(1067): warning:  #223-D: function "assert_param" declared implicitly
    assert_param(IS_RCC_AHB_PERIPH(RCC_AHBPeriph));
..\STM32F10x_StdPeriph_Driver\src\stm32f10x_rcc.c(1098): warning:  #223-D: function "assert_param" declared implicitly
    assert_param(IS_RCC_APB2_PERIPH(RCC_APB2Periph));
..\STM32F10x_StdPeriph_Driver\src\stm32f10x_rcc.c(1129): warning:  #223-D: function "assert_param" declared implicitly
    assert_param(IS_RCC_APB1_PERIPH(RCC_APB1Periph));
..\STM32F10x_StdPeriph_Driver\src\stm32f10x_rcc.c(1188): warning:  #223-D: function "assert_param" declared implicitly
    assert_param(IS_RCC_APB2_PERIPH(RCC_APB2Periph));
..\STM32F10x_StdPeriph_Driver\src\stm32f10x_rcc.c(1219): warning:  #223-D: function "assert_param" declared implicitly
    assert_param(IS_RCC_APB1_PERIPH(RCC_APB1Periph));
..\STM32F10x_StdPeriph_Driver\src\stm32f10x_rcc.c(1240): warning:  #223-D: function "assert_param" declared implicitly
    assert_param(IS_FUNCTIONAL_STATE(NewState));
..\STM32F10x_StdPeriph_Driver\src\stm32f10x_rcc.c(1253): warning:  #223-D: function "assert_param" declared implicitly
    assert_param(IS_FUNCTIONAL_STATE(NewState));
..\STM32F10x_StdPeriph_Driver\src\stm32f10x_rcc.c(1285): warning:  #223-D: function "assert_param" declared implicitly
    assert_param(IS_RCC_MCO(RCC_MCO));
..\STM32F10x_StdPeriph_Driver\src\stm32f10x_rcc.c(1332): warning:  #223-D: function "assert_param" declared implicitly
    assert_param(IS_RCC_FLAG(RCC_FLAG));
..\STM32F10x_StdPeriph_Driver\src\stm32f10x_rcc.c(1406): warning:  #223-D: function "assert_param" declared implicitly
    assert_param(IS_RCC_GET_IT(RCC_IT));
..\STM32F10x_StdPeriph_Driver\src\stm32f10x_rcc.c(1451): warning:  #223-D: function "assert_param" declared implicitly
    assert_param(IS_RCC_CLEAR_IT(RCC_IT));
..\STM32F10x_StdPeriph_Driver\src\stm32f10x_rcc.c: 27 warnings, 0 errors
compiling stm32f10x_usart.c...
..\STM32F10x_StdPeriph_Driver\src\stm32f10x_usart.c(133): warning:  #223-D: function "assert_param" declared implicitly
    assert_param(IS_USART_ALL_PERIPH(USARTx));
..\STM32F10x_StdPeriph_Driver\src\stm32f10x_usart.c(184): warning:  #223-D: function "assert_param" declared implicitly
    assert_param(IS_USART_ALL_PERIPH(USARTx));
..\STM32F10x_StdPeriph_Driver\src\stm32f10x_usart.c(306): warning:  #223-D: function "assert_param" declared implicitly
    assert_param(IS_USART_123_PERIPH(USARTx));
..\STM32F10x_StdPeriph_Driver\src\stm32f10x_usart.c(354): warning:  #223-D: function "assert_param" declared implicitly
    assert_param(IS_USART_ALL_PERIPH(USARTx));
..\STM32F10x_StdPeriph_Driver\src\stm32f10x_usart.c(393): warning:  #223-D: function "assert_param" declared implicitly
    assert_param(IS_USART_ALL_PERIPH(USARTx));
..\STM32F10x_StdPeriph_Driver\src\stm32f10x_usart.c(451): warning:  #223-D: function "assert_param" declared implicitly
    assert_param(IS_USART_ALL_PERIPH(USARTx));
..\STM32F10x_StdPeriph_Driver\src\stm32f10x_usart.c(479): warning:  #223-D: function "assert_param" declared implicitly
    assert_param(IS_USART_ALL_PERIPH(USARTx));
..\STM32F10x_StdPeriph_Driver\src\stm32f10x_usart.c(502): warning:  #223-D: function "assert_param" declared implicitly
    assert_param(IS_USART_ALL_PERIPH(USARTx));
..\STM32F10x_StdPeriph_Driver\src\stm32f10x_usart.c(521): warning:  #223-D: function "assert_param" declared implicitly
    assert_param(IS_USART_ALL_PERIPH(USARTx));
..\STM32F10x_StdPeriph_Driver\src\stm32f10x_usart.c(550): warning:  #223-D: function "assert_param" declared implicitly
    assert_param(IS_USART_ALL_PERIPH(USARTx));
..\STM32F10x_StdPeriph_Driver\src\stm32f10x_usart.c(569): warning:  #223-D: function "assert_param" declared implicitly
    assert_param(IS_USART_ALL_PERIPH(USARTx));
..\STM32F10x_StdPeriph_Driver\src\stm32f10x_usart.c(595): warning:  #223-D: function "assert_param" declared implicitly
    assert_param(IS_USART_ALL_PERIPH(USARTx));
..\STM32F10x_StdPeriph_Driver\src\stm32f10x_usart.c(612): warning:  #223-D: function "assert_param" declared implicitly
    assert_param(IS_USART_ALL_PERIPH(USARTx));
..\STM32F10x_StdPeriph_Driver\src\stm32f10x_usart.c(628): warning:  #223-D: function "assert_param" declared implicitly
    assert_param(IS_USART_ALL_PERIPH(USARTx));
..\STM32F10x_StdPeriph_Driver\src\stm32f10x_usart.c(644): warning:  #223-D: function "assert_param" declared implicitly
    assert_param(IS_USART_123_PERIPH(USARTx));
..\STM32F10x_StdPeriph_Driver\src\stm32f10x_usart.c(664): warning:  #223-D: function "assert_param" declared implicitly
    assert_param(IS_USART_ALL_PERIPH(USARTx));
..\STM32F10x_StdPeriph_Driver\src\stm32f10x_usart.c(683): warning:  #223-D: function "assert_param" declared implicitly
    assert_param(IS_USART_123_PERIPH(USARTx));
..\STM32F10x_StdPeriph_Driver\src\stm32f10x_usart.c(708): warning:  #223-D: function "assert_param" declared implicitly
    assert_param(IS_USART_123_PERIPH(USARTx));  
..\STM32F10x_StdPeriph_Driver\src\stm32f10x_usart.c(734): warning:  #223-D: function "assert_param" declared implicitly
    assert_param(IS_USART_ALL_PERIPH(USARTx));
..\STM32F10x_StdPeriph_Driver\src\stm32f10x_usart.c(765): warning:  #223-D: function "assert_param" declared implicitly
    assert_param(IS_USART_ALL_PERIPH(USARTx));
..\STM32F10x_StdPeriph_Driver\src\stm32f10x_usart.c(792): warning:  #223-D: function "assert_param" declared implicitly
    assert_param(IS_USART_ALL_PERIPH(USARTx));
..\STM32F10x_StdPeriph_Driver\src\stm32f10x_usart.c(821): warning:  #223-D: function "assert_param" declared implicitly
    assert_param(IS_USART_ALL_PERIPH(USARTx));
..\STM32F10x_StdPeriph_Driver\src\stm32f10x_usart.c(840): warning:  #223-D: function "assert_param" declared implicitly
    assert_param(IS_USART_ALL_PERIPH(USARTx));
..\STM32F10x_StdPeriph_Driver\src\stm32f10x_usart.c(878): warning:  #223-D: function "assert_param" declared implicitly
    assert_param(IS_USART_ALL_PERIPH(USARTx));
..\STM32F10x_StdPeriph_Driver\src\stm32f10x_usart.c(926): warning:  #223-D: function "assert_param" declared implicitly
    assert_param(IS_USART_ALL_PERIPH(USARTx));
..\STM32F10x_StdPeriph_Driver\src\stm32f10x_usart.c(961): warning:  #223-D: function "assert_param" declared implicitly
    assert_param(IS_USART_ALL_PERIPH(USARTx));
..\STM32F10x_StdPeriph_Driver\src\stm32f10x_usart.c(1034): warning:  #223-D: function "assert_param" declared implicitly
    assert_param(IS_USART_ALL_PERIPH(USARTx));
..\STM32F10x_StdPeriph_Driver\src\stm32f10x_usart.c: 27 warnings, 0 errors
compiling stm32f10x_gpio.c...
..\STM32F10x_StdPeriph_Driver\src\stm32f10x_gpio.c(111): warning:  #223-D: function "assert_param" declared implicitly
    assert_param(IS_GPIO_ALL_PERIPH(GPIOx));
..\STM32F10x_StdPeriph_Driver\src\stm32f10x_gpio.c(178): warning:  #223-D: function "assert_param" declared implicitly
    assert_param(IS_GPIO_ALL_PERIPH(GPIOx));
..\STM32F10x_StdPeriph_Driver\src\stm32f10x_gpio.c(286): warning:  #223-D: function "assert_param" declared implicitly
    assert_param(IS_GPIO_ALL_PERIPH(GPIOx));
..\STM32F10x_StdPeriph_Driver\src\stm32f10x_gpio.c(308): warning:  #223-D: function "assert_param" declared implicitly
    assert_param(IS_GPIO_ALL_PERIPH(GPIOx));
..\STM32F10x_StdPeriph_Driver\src\stm32f10x_gpio.c(324): warning:  #223-D: function "assert_param" declared implicitly
    assert_param(IS_GPIO_ALL_PERIPH(GPIOx));
..\STM32F10x_StdPeriph_Driver\src\stm32f10x_gpio.c(346): warning:  #223-D: function "assert_param" declared implicitly
    assert_param(IS_GPIO_ALL_PERIPH(GPIOx));
..\STM32F10x_StdPeriph_Driver\src\stm32f10x_gpio.c(361): warning:  #223-D: function "assert_param" declared implicitly
    assert_param(IS_GPIO_ALL_PERIPH(GPIOx));
..\STM32F10x_StdPeriph_Driver\src\stm32f10x_gpio.c(377): warning:  #223-D: function "assert_param" declared implicitly
    assert_param(IS_GPIO_ALL_PERIPH(GPIOx));
..\STM32F10x_StdPeriph_Driver\src\stm32f10x_gpio.c(397): warning:  #223-D: function "assert_param" declared implicitly
    assert_param(IS_GPIO_ALL_PERIPH(GPIOx));
..\STM32F10x_StdPeriph_Driver\src\stm32f10x_gpio.c(420): warning:  #223-D: function "assert_param" declared implicitly
    assert_param(IS_GPIO_ALL_PERIPH(GPIOx));
..\STM32F10x_StdPeriph_Driver\src\stm32f10x_gpio.c(437): warning:  #223-D: function "assert_param" declared implicitly
    assert_param(IS_GPIO_ALL_PERIPH(GPIOx));
..\STM32F10x_StdPeriph_Driver\src\stm32f10x_gpio.c(466): warning:  #223-D: function "assert_param" declared implicitly
    assert_param(IS_GPIO_EVENTOUT_PORT_SOURCE(GPIO_PortSource));
..\STM32F10x_StdPeriph_Driver\src\stm32f10x_gpio.c(486): warning:  #223-D: function "assert_param" declared implicitly
    assert_param(IS_FUNCTIONAL_STATE(NewState));
..\STM32F10x_StdPeriph_Driver\src\stm32f10x_gpio.c(554): warning:  #223-D: function "assert_param" declared implicitly
    assert_param(IS_GPIO_REMAP(GPIO_Remap));
..\STM32F10x_StdPeriph_Driver\src\stm32f10x_gpio.c(613): warning:  #223-D: function "assert_param" declared implicitly
    assert_param(IS_GPIO_EXTI_PORT_SOURCE(GPIO_PortSource));
..\STM32F10x_StdPeriph_Driver\src\stm32f10x_gpio.c(632): warning:  #223-D: function "assert_param" declared implicitly
    assert_param(IS_GPIO_ETH_MEDIA_INTERFACE(GPIO_ETH_MediaInterface)); 
..\STM32F10x_StdPeriph_Driver\src\stm32f10x_gpio.c: 16 warnings, 0 errors
linking...
..\Output\project.sct(7): error: L6236E: No section matches selector - no section to be FIRST/LAST.
Not enough information to list image symbols.
Not enough information to list the image map.
Finished: 2 information, 0 warning and 1 error messages.
"..\Output\project.axf" - 1 Error(s), 76 Warning(s).
Target not created
